This is pdfTeX, Version 3.14159265-2.6-1.40.16 (TeX Live 2015/Debian) (preloaded format=pdflatex 2016.6.13)  29 NOV 2016 14:43
entering extended mode
 restricted \write18 enabled.
 %&-line parsing enabled.
**appendix2.tex
(./appendix2.tex
LaTeX2e <2016/02/01>
Babel <3.9q> and hyphenation patterns for 81 language(s) loaded.

! LaTeX Error: Missing \begin{document}.

See the LaTeX manual or LaTeX Companion for explanation.
Type  H <return>  for immediate help.
 ...                                              
                                                  
l.7 –
     †–∞—Å—Å–º–æ—Ç—Ä–∏–º –±–ª–æ—á–Ω—É—é –º–∞—Ç—Ä–∏—Ü—É $\bbU = \begin{bmatri...

You're in trouble here.  Try typing  <return>  to proceed.
If that doesn't work, type  X <return>  to quit.

Missing character: There is no – in font nullfont!
Missing character: There is no † in font nullfont!
Missing character: There is no – in font nullfont!
Missing character: There is no ∞ in font nullfont!
Missing character: There is no — in font nullfont!
Missing character: There is no Å in font nullfont!
Missing character: There is no — in font nullfont!
Missing character: There is no Å in font nullfont!
Missing character: There is no – in font nullfont!
Missing character: There is no º in font nullfont!
Missing character: There is no – in font nullfont!
Missing character: There is no æ in font nullfont!
Missing character: There is no — in font nullfont!
Missing character: There is no Ç in font nullfont!
Missing character: There is no — in font nullfont!
Missing character: There is no Ä in font nullfont!
Missing character: There is no – in font nullfont!
Missing character: There is no ∏ in font nullfont!
Missing character: There is no – in font nullfont!
Missing character: There is no º in font nullfont!
Missing character: There is no – in font nullfont!
Missing character: There is no ± in font nullfont!
Missing character: There is no – in font nullfont!
Missing character: There is no ª in font nullfont!
Missing character: There is no – in font nullfont!
Missing character: There is no æ in font nullfont!
Missing character: There is no — in font nullfont!
Missing character: There is no á in font nullfont!
Missing character: There is no – in font nullfont!
Missing character: There is no Ω in font nullfont!
Missing character: There is no — in font nullfont!
Missing character: There is no É in font nullfont!
Missing character: There is no — in font nullfont!
Missing character: There is no é in font nullfont!
Missing character: There is no – in font nullfont!
Missing character: There is no º in font nullfont!
Missing character: There is no – in font nullfont!
Missing character: There is no ∞ in font nullfont!
Missing character: There is no — in font nullfont!
Missing character: There is no Ç in font nullfont!
Missing character: There is no — in font nullfont!
Missing character: There is no Ä in font nullfont!
Missing character: There is no – in font nullfont!
Missing character: There is no ∏ in font nullfont!
Missing character: There is no — in font nullfont!
Missing character: There is no Ü in font nullfont!
Missing character: There is no — in font nullfont!
Missing character: There is no É in font nullfont!
LaTeX Font Info:    External font `cmex10' loaded for size
(Font)              <7> on input line 7.
LaTeX Font Info:    External font `cmex10' loaded for size
(Font)              <5> on input line 7.
! Undefined control sequence.
\bbU ->\mathds 
               {U}
l.7 ...Ç—Ä–∏–º –±–ª–æ—á–Ω—É—é –º–∞—Ç—Ä–∏—Ü—É $\bbU
                                                   = \begin{bmatrix} \bbU_{1...
The control sequence at the end of the top line
of your error message was never \def'ed. If you have
misspelled it (e.g., `\hobx'), type `I' and the correct
spelling (e.g., `I\hbox'). Otherwise just continue,
and I'll forget about whatever was undefined.


! LaTeX Error: Environment bmatrix undefined.

See the LaTeX manual or LaTeX Companion for explanation.
Type  H <return>  for immediate help.
 ...                                              
                                                  
l.7 ...—É—é –º–∞—Ç—Ä–∏—Ü—É $\bbU = \begin{bmatrix}
                                                   \bbU_{11} & \bbU_{12} \\ ...

Your command was ignored.
Type  I <command> <return>  to replace it with another command,
or  <return>  to continue without it.

! Undefined control sequence.
\bbU ->\mathds 
               {U}
l.7 ...–º–∞—Ç—Ä–∏—Ü—É $\bbU = \begin{bmatrix} \bbU
                                                  _{11} & \bbU_{12} \\ \bbU_...
The control sequence at the end of the top line
of your error message was never \def'ed. If you have
misspelled it (e.g., `\hobx'), type `I' and the correct
spelling (e.g., `I\hbox'). Otherwise just continue,
and I'll forget about whatever was undefined.

! Misplaced alignment tab character &.
l.7 ...Ä–∏—Ü—É $\bbU = \begin{bmatrix} \bbU_{11} &
                                                   \bbU_{12} \\ \bbU_{21} & ...
I can't figure out why you would want to use a tab mark
here. If you just want an ampersand, the remedy is
simple: Just type `I\&' now. But if some right brace
up above has ended a previous alignment prematurely,
you're probably due for more error messages, and you
might try typing `S' now just to see what is salvageable.

! Undefined control sequence.
\bbU ->\mathds 
               {U}
l.7 ...—É $\bbU = \begin{bmatrix} \bbU_{11} & \bbU
                                                  _{12} \\ \bbU_{21} & \bbU_...
The control sequence at the end of the top line
of your error message was never \def'ed. If you have
misspelled it (e.g., `\hobx'), type `I' and the correct
spelling (e.g., `I\hbox'). Otherwise just continue,
and I'll forget about whatever was undefined.

! Undefined control sequence.
\bbU ->\mathds 
               {U}
l.7 ...egin{bmatrix} \bbU_{11} & \bbU_{12} \\ \bbU
                                                  _{21} & \bbU_{22} \end{bma...
The control sequence at the end of the top line
of your error message was never \def'ed. If you have
misspelled it (e.g., `\hobx'), type `I' and the correct
spelling (e.g., `I\hbox'). Otherwise just continue,
and I'll forget about whatever was undefined.

! Misplaced alignment tab character &.
l.7 ...atrix} \bbU_{11} & \bbU_{12} \\ \bbU_{21} &
                                                   \bbU_{22} \end{bmatrix}$,...
I can't figure out why you would want to use a tab mark
here. If you just want an ampersand, the remedy is
simple: Just type `I\&' now. But if some right brace
up above has ended a previous alignment prematurely,
you're probably due for more error messages, and you
might try typing `S' now just to see what is salvageable.

! Undefined control sequence.
\bbU ->\mathds 
               {U}
l.7 ...} \bbU_{11} & \bbU_{12} \\ \bbU_{21} & \bbU
                                                  _{22} \end{bmatrix}$, —Ç.—á.
The control sequence at the end of the top line
of your error message was never \def'ed. If you have
misspelled it (e.g., `\hobx'), type `I' and the correct
spelling (e.g., `I\hbox'). Otherwise just continue,
and I'll forget about whatever was undefined.


! LaTeX Error: \begin{document} ended by \end{bmatrix}.

See the LaTeX manual or LaTeX Companion for explanation.
Type  H <return>  for immediate help.
 ...                                              
                                                  
l.7 ...{12} \\ \bbU_{21} & \bbU_{22} \end{bmatrix}
                                                  $, —Ç.—á.
Your command was ignored.
Type  I <command> <return>  to replace it with another command,
or  <return>  to continue without it.

Missing character: There is no , in font nullfont!
Missing character: There is no — in font nullfont!
Missing character: There is no Ç in font nullfont!
Missing character: There is no . in font nullfont!
Missing character: There is no — in font nullfont!
Missing character: There is no á in font nullfont!
Missing character: There is no . in font nullfont!
! Undefined control sequence.
\bbU ->\mathds 
               {U}
l.8 $\bbU
         _{11} = \lb \bbU_{11}^{jk} \rb_{\substack{j = 1 \dots m \\ k = 1 \d...
The control sequence at the end of the top line
of your error message was never \def'ed. If you have
misspelled it (e.g., `\hobx'), type `I' and the correct
spelling (e.g., `I\hbox'). Otherwise just continue,
and I'll forget about whatever was undefined.

! Undefined control sequence.
l.8 $\bbU_{11} = \lb
                     \bbU_{11}^{jk} \rb_{\substack{j = 1 \dots m \\ k = 1 \d...
The control sequence at the end of the top line
of your error message was never \def'ed. If you have
misspelled it (e.g., `\hobx'), type `I' and the correct
spelling (e.g., `I\hbox'). Otherwise just continue,
and I'll forget about whatever was undefined.

! Undefined control sequence.
\bbU ->\mathds 
               {U}
l.8 $\bbU_{11} = \lb \bbU
                         _{11}^{jk} \rb_{\substack{j = 1 \dots m \\ k = 1 \d...
The control sequence at the end of the top line
of your error message was never \def'ed. If you have
misspelled it (e.g., `\hobx'), type `I' and the correct
spelling (e.g., `I\hbox'). Otherwise just continue,
and I'll forget about whatever was undefined.

! Undefined control sequence.
l.8 $\bbU_{11} = \lb \bbU_{11}^{jk} \rb
                                       _{\substack{j = 1 \dots m \\ k = 1 \d...
The control sequence at the end of the top line
of your error message was never \def'ed. If you have
misspelled it (e.g., `\hobx'), type `I' and the correct
spelling (e.g., `I\hbox'). Otherwise just continue,
and I'll forget about whatever was undefined.

! Double subscript.
l.8 $\bbU_{11} = \lb \bbU_{11}^{jk} \rb_
                                        {\substack{j = 1 \dots m \\ k = 1 \d...
I treat `x_1_2' essentially like `x_1{}_2'.

! Undefined control sequence.
l.8 $\bbU_{11} = \lb \bbU_{11}^{jk} \rb_{\substack
                                                  {j = 1 \dots m \\ k = 1 \d...
The control sequence at the end of the top line
of your error message was never \def'ed. If you have
misspelled it (e.g., `\hobx'), type `I' and the correct
spelling (e.g., `I\hbox'). Otherwise just continue,
and I'll forget about whatever was undefined.

Missing character: There is no , in font nullfont!
! Undefined control sequence.
\bbU ->\mathds 
               {U}
l.9 $\bbU
         _{22} = \lb \bbU_{22}^{jk} \rb_{\substack{j = 1 \dots n \\ k = 1 \d...
The control sequence at the end of the top line
of your error message was never \def'ed. If you have
misspelled it (e.g., `\hobx'), type `I' and the correct
spelling (e.g., `I\hbox'). Otherwise just continue,
and I'll forget about whatever was undefined.

! Undefined control sequence.
l.9 $\bbU_{22} = \lb
                     \bbU_{22}^{jk} \rb_{\substack{j = 1 \dots n \\ k = 1 \d...
The control sequence at the end of the top line
of your error message was never \def'ed. If you have
misspelled it (e.g., `\hobx'), type `I' and the correct
spelling (e.g., `I\hbox'). Otherwise just continue,
and I'll forget about whatever was undefined.

! Undefined control sequence.
\bbU ->\mathds 
               {U}
l.9 $\bbU_{22} = \lb \bbU
                         _{22}^{jk} \rb_{\substack{j = 1 \dots n \\ k = 1 \d...
The control sequence at the end of the top line
of your error message was never \def'ed. If you have
misspelled it (e.g., `\hobx'), type `I' and the correct
spelling (e.g., `I\hbox'). Otherwise just continue,
and I'll forget about whatever was undefined.

! Undefined control sequence.
l.9 $\bbU_{22} = \lb \bbU_{22}^{jk} \rb
                                       _{\substack{j = 1 \dots n \\ k = 1 \d...
The control sequence at the end of the top line
of your error message was never \def'ed. If you have
misspelled it (e.g., `\hobx'), type `I' and the correct
spelling (e.g., `I\hbox'). Otherwise just continue,
and I'll forget about whatever was undefined.

! Double subscript.
l.9 $\bbU_{22} = \lb \bbU_{22}^{jk} \rb_
                                        {\substack{j = 1 \dots n \\ k = 1 \d...
I treat `x_1_2' essentially like `x_1{}_2'.

! Undefined control sequence.
l.9 $\bbU_{22} = \lb \bbU_{22}^{jk} \rb_{\substack
                                                  {j = 1 \dots n \\ k = 1 \d...
The control sequence at the end of the top line
of your error message was never \def'ed. If you have
misspelled it (e.g., `\hobx'), type `I' and the correct
spelling (e.g., `I\hbox'). Otherwise just continue,
and I'll forget about whatever was undefined.

Missing character: There is no - in font nullfont!
Missing character: There is no - in font nullfont!
Missing character: There is no – in font nullfont!
Missing character: There is no æ in font nullfont!
Missing character: There is no – in font nullfont!
Missing character: There is no ± in font nullfont!
Missing character: There is no — in font nullfont!
Missing character: There is no Ä in font nullfont!
Missing character: There is no – in font nullfont!
Missing character: There is no ∞ in font nullfont!
Missing character: There is no — in font nullfont!
Missing character: There is no Ç in font nullfont!
Missing character: There is no – in font nullfont!
Missing character: There is no ∏ in font nullfont!
Missing character: There is no – in font nullfont!
Missing character: There is no º in font nullfont!
Missing character: There is no — in font nullfont!
Missing character: There is no ã in font nullfont!
Missing character: There is no – in font nullfont!
Missing character: There is no µ in font nullfont!
Missing character: There is no – in font nullfont!
Missing character: There is no º in font nullfont!
Missing character: There is no – in font nullfont!
Missing character: There is no ∞ in font nullfont!
Missing character: There is no — in font nullfont!
Missing character: There is no Ç in font nullfont!
Missing character: There is no — in font nullfont!
Missing character: There is no Ä in font nullfont!
Missing character: There is no – in font nullfont!
Missing character: There is no ∏ in font nullfont!
Missing character: There is no — in font nullfont!
Missing character: There is no Ü in font nullfont!
Missing character: There is no — in font nullfont!
Missing character: There is no ã in font nullfont!
Missing character: There is no ; in font nullfont!
! Undefined control sequence.
\bbU ->\mathds 
               {U}
l.10 $\bbU
          _{12} = \lb \bbU_{12}^{jk} \rb_{\substack{j = 1 \dots m \\ k = 1 \...
The control sequence at the end of the top line
of your error message was never \def'ed. If you have
misspelled it (e.g., `\hobx'), type `I' and the correct
spelling (e.g., `I\hbox'). Otherwise just continue,
and I'll forget about whatever was undefined.

! Undefined control sequence.
l.10 $\bbU_{12} = \lb
                      \bbU_{12}^{jk} \rb_{\substack{j = 1 \dots m \\ k = 1 \...
The control sequence at the end of the top line
of your error message was never \def'ed. If you have
misspelled it (e.g., `\hobx'), type `I' and the correct
spelling (e.g., `I\hbox'). Otherwise just continue,
and I'll forget about whatever was undefined.

! Undefined control sequence.
\bbU ->\mathds 
               {U}
l.10 $\bbU_{12} = \lb \bbU
                          _{12}^{jk} \rb_{\substack{j = 1 \dots m \\ k = 1 \...
The control sequence at the end of the top line
of your error message was never \def'ed. If you have
misspelled it (e.g., `\hobx'), type `I' and the correct
spelling (e.g., `I\hbox'). Otherwise just continue,
and I'll forget about whatever was undefined.

! Undefined control sequence.
l.10 $\bbU_{12} = \lb \bbU_{12}^{jk} \rb
                                        _{\substack{j = 1 \dots m \\ k = 1 \...
The control sequence at the end of the top line
of your error message was never \def'ed. If you have
misspelled it (e.g., `\hobx'), type `I' and the correct
spelling (e.g., `I\hbox'). Otherwise just continue,
and I'll forget about whatever was undefined.

! Double subscript.
l.10 $\bbU_{12} = \lb \bbU_{12}^{jk} \rb_
                                         {\substack{j = 1 \dots m \\ k = 1 \...
I treat `x_1_2' essentially like `x_1{}_2'.

! Undefined control sequence.
l.10 ...U_{12} = \lb \bbU_{12}^{jk} \rb_{\substack
                                                  {j = 1 \dots m \\ k = 1 \d...
The control sequence at the end of the top line
of your error message was never \def'ed. If you have
misspelled it (e.g., `\hobx'), type `I' and the correct
spelling (e.g., `I\hbox'). Otherwise just continue,
and I'll forget about whatever was undefined.

Missing character: There is no , in font nullfont!
! Undefined control sequence.
\bbU ->\mathds 
               {U}
l.11 $\bbU
          _{21} = \lb \bbU_{21}^{jk} \rb_{\substack{j = 1 \dots n \\ k = 1 \...
The control sequence at the end of the top line
of your error message was never \def'ed. If you have
misspelled it (e.g., `\hobx'), type `I' and the correct
spelling (e.g., `I\hbox'). Otherwise just continue,
and I'll forget about whatever was undefined.

! Undefined control sequence.
l.11 $\bbU_{21} = \lb
                      \bbU_{21}^{jk} \rb_{\substack{j = 1 \dots n \\ k = 1 \...
The control sequence at the end of the top line
of your error message was never \def'ed. If you have
misspelled it (e.g., `\hobx'), type `I' and the correct
spelling (e.g., `I\hbox'). Otherwise just continue,
and I'll forget about whatever was undefined.

! Undefined control sequence.
\bbU ->\mathds 
               {U}
l.11 $\bbU_{21} = \lb \bbU
                          _{21}^{jk} \rb_{\substack{j = 1 \dots n \\ k = 1 \...
The control sequence at the end of the top line
of your error message was never \def'ed. If you have
misspelled it (e.g., `\hobx'), type `I' and the correct
spelling (e.g., `I\hbox'). Otherwise just continue,
and I'll forget about whatever was undefined.

! Undefined control sequence.
l.11 $\bbU_{21} = \lb \bbU_{21}^{jk} \rb
                                        _{\substack{j = 1 \dots n \\ k = 1 \...
The control sequence at the end of the top line
of your error message was never \def'ed. If you have
misspelled it (e.g., `\hobx'), type `I' and the correct
spelling (e.g., `I\hbox'). Otherwise just continue,
and I'll forget about whatever was undefined.

! Double subscript.
l.11 $\bbU_{21} = \lb \bbU_{21}^{jk} \rb_
                                         {\substack{j = 1 \dots n \\ k = 1 \...
I treat `x_1_2' essentially like `x_1{}_2'.

! Undefined control sequence.
l.11 ...U_{21} = \lb \bbU_{21}^{jk} \rb_{\substack
                                                  {j = 1 \dots n \\ k = 1 \d...
The control sequence at the end of the top line
of your error message was never \def'ed. If you have
misspelled it (e.g., `\hobx'), type `I' and the correct
spelling (e.g., `I\hbox'). Otherwise just continue,
and I'll forget about whatever was undefined.

Missing character: There is no . in font nullfont!

Overfull \hbox (20.0pt too wide) in paragraph at lines 7--12
[]
 []


Overfull \hbox (18.47354pt too wide) in paragraph at lines 7--12
\OML/cmm/m/it/10 U \OT1/cmr/m/n/10 =
 []


Overfull \hbox (30.60007pt too wide) in paragraph at lines 7--12
\OML/cmm/m/it/10 U[]U[][] 
 []


Overfull \hbox (30.60007pt too wide) in paragraph at lines 7--12
\OML/cmm/m/it/10 U[]U[]$
 []


Overfull \hbox (25.85555pt too wide) in paragraph at lines 7--12
\OML/cmm/m/it/10 U[] \OT1/cmr/m/n/10 =
 []


Overfull \hbox (73.8778pt too wide) in paragraph at lines 7--12
\OML/cmm/m/it/10 U[][]$
 []


Overfull \hbox (25.85555pt too wide) in paragraph at lines 7--12
\OML/cmm/m/it/10 U[] \OT1/cmr/m/n/10 =
 []


Overfull \hbox (69.57224pt too wide) in paragraph at lines 7--12
\OML/cmm/m/it/10 U[][]$
 []


Overfull \hbox (25.85555pt too wide) in paragraph at lines 7--12
\OML/cmm/m/it/10 U[] \OT1/cmr/m/n/10 =
 []


Overfull \hbox (71.72502pt too wide) in paragraph at lines 7--12
\OML/cmm/m/it/10 U[][]$
 []


Overfull \hbox (25.85555pt too wide) in paragraph at lines 7--12
\OML/cmm/m/it/10 U[] \OT1/cmr/m/n/10 =
 []


Overfull \hbox (71.72502pt too wide) in paragraph at lines 7--12
\OML/cmm/m/it/10 U[][]$ 
 []


! LaTeX Error: Missing \begin{document}.

See the LaTeX manual or LaTeX Companion for explanation.
Type  H <return>  for immediate help.
 ...                                              
                                                  
l.13 –
      ü–æ–ª–æ–∂–∏–º $\bbV = \begin{bmatrix} \bbV_{11} & \bbV_{12} \\ \bbV_{2...

You're in trouble here.  Try typing  <return>  to proceed.
If that doesn't work, type  X <return>  to quit.

Missing character: There is no – in font nullfont!
Missing character: There is no ü in font nullfont!
Missing character: There is no – in font nullfont!
Missing character: There is no æ in font nullfont!
Missing character: There is no – in font nullfont!
Missing character: There is no ª in font nullfont!
Missing character: There is no – in font nullfont!
Missing character: There is no æ in font nullfont!
Missing character: There is no – in font nullfont!
Missing character: There is no ∂ in font nullfont!
Missing character: There is no – in font nullfont!
Missing character: There is no ∏ in font nullfont!
Missing character: There is no – in font nullfont!
Missing character: There is no º in font nullfont!
! Undefined control sequence.
\bbV ->\mathds 
               {V}
l.13 –ü–æ–ª–æ–∂–∏–º $\bbV
                          = \begin{bmatrix} \bbV_{11} & \bbV_{12} \\ \bbV_{2...
The control sequence at the end of the top line
of your error message was never \def'ed. If you have
misspelled it (e.g., `\hobx'), type `I' and the correct
spelling (e.g., `I\hbox'). Otherwise just continue,
and I'll forget about whatever was undefined.


! LaTeX Error: Environment bmatrix undefined.

See the LaTeX manual or LaTeX Companion for explanation.
Type  H <return>  for immediate help.
 ...                                              
                                                  
l.13 –ü–æ–ª–æ–∂–∏–º $\bbV = \begin{bmatrix}
                                            \bbV_{11} & \bbV_{12} \\ \bbV_{2...

Your command was ignored.
Type  I <command> <return>  to replace it with another command,
or  <return>  to continue without it.

! Undefined control sequence.
\bbV ->\mathds 
               {V}
l.13 –ü–æ–ª–æ–∂–∏–º $\bbV = \begin{bmatrix} \bbV
                                                _{11} & \bbV_{12} \\ \bbV_{2...
The control sequence at the end of the top line
of your error message was never \def'ed. If you have
misspelled it (e.g., `\hobx'), type `I' and the correct
spelling (e.g., `I\hbox'). Otherwise just continue,
and I'll forget about whatever was undefined.

! Misplaced alignment tab character &.
l.13 ...–∂–∏–º $\bbV = \begin{bmatrix} \bbV_{11} &
                                                   \bbV_{12} \\ \bbV_{21} & ...
I can't figure out why you would want to use a tab mark
here. If you just want an ampersand, the remedy is
simple: Just type `I\&' now. But if some right brace
up above has ended a previous alignment prematurely,
you're probably due for more error messages, and you
might try typing `S' now just to see what is salvageable.

! Undefined control sequence.
\bbV ->\mathds 
               {V}
l.13 ...º $\bbV = \begin{bmatrix} \bbV_{11} & \bbV
                                                  _{12} \\ \bbV_{21} & \bbV_...
The control sequence at the end of the top line
of your error message was never \def'ed. If you have
misspelled it (e.g., `\hobx'), type `I' and the correct
spelling (e.g., `I\hbox'). Otherwise just continue,
and I'll forget about whatever was undefined.

! Undefined control sequence.
\bbV ->\mathds 
               {V}
l.13 ...gin{bmatrix} \bbV_{11} & \bbV_{12} \\ \bbV
                                                  _{21} & \bbV_{22} \end{bma...
The control sequence at the end of the top line
of your error message was never \def'ed. If you have
misspelled it (e.g., `\hobx'), type `I' and the correct
spelling (e.g., `I\hbox'). Otherwise just continue,
and I'll forget about whatever was undefined.

! Misplaced alignment tab character &.
l.13 ...trix} \bbV_{11} & \bbV_{12} \\ \bbV_{21} &
                                                   \bbV_{22} \end{bmatrix}$ ...
I can't figure out why you would want to use a tab mark
here. If you just want an ampersand, the remedy is
simple: Just type `I\&' now. But if some right brace
up above has ended a previous alignment prematurely,
you're probably due for more error messages, and you
might try typing `S' now just to see what is salvageable.

! Undefined control sequence.
\bbV ->\mathds 
               {V}
l.13 ... \bbV_{11} & \bbV_{12} \\ \bbV_{21} & \bbV
                                                  _{22} \end{bmatrix}$ -- —ç...
The control sequence at the end of the top line
of your error message was never \def'ed. If you have
misspelled it (e.g., `\hobx'), type `I' and the correct
spelling (e.g., `I\hbox'). Otherwise just continue,
and I'll forget about whatever was undefined.


! LaTeX Error: \begin{document} ended by \end{bmatrix}.

See the LaTeX manual or LaTeX Companion for explanation.
Type  H <return>  for immediate help.
 ...                                              
                                                  
l.13 ...12} \\ \bbV_{21} & \bbV_{22} \end{bmatrix}
                                                  $ -- —ç—Ç–æ –º–∞—Ç—Ä–∏—Ü–∞...

Your command was ignored.
Type  I <command> <return>  to replace it with another command,
or  <return>  to continue without it.

Missing character: There is no - in font nullfont!
Missing character: There is no - in font nullfont!
Missing character: There is no — in font nullfont!
Missing character: There is no ç in font nullfont!
Missing character: There is no — in font nullfont!
Missing character: There is no Ç in font nullfont!
Missing character: There is no – in font nullfont!
Missing character: There is no æ in font nullfont!
Missing character: There is no – in font nullfont!
Missing character: There is no º in font nullfont!
Missing character: There is no – in font nullfont!
Missing character: There is no ∞ in font nullfont!
Missing character: There is no — in font nullfont!
Missing character: There is no Ç in font nullfont!
Missing character: There is no — in font nullfont!
Missing character: There is no Ä in font nullfont!
Missing character: There is no – in font nullfont!
Missing character: There is no ∏ in font nullfont!
Missing character: There is no — in font nullfont!
Missing character: There is no Ü in font nullfont!
Missing character: There is no – in font nullfont!
Missing character: There is no ∞ in font nullfont!
Missing character: There is no , in font nullfont!
Missing character: There is no — in font nullfont!
Missing character: There is no É in font nullfont!
Missing character: There is no – in font nullfont!
Missing character: There is no ¥ in font nullfont!
Missing character: There is no – in font nullfont!
Missing character: There is no æ in font nullfont!
Missing character: There is no – in font nullfont!
Missing character: There is no ≤ in font nullfont!
Missing character: There is no – in font nullfont!
Missing character: There is no ª in font nullfont!
Missing character: There is no – in font nullfont!
Missing character: There is no µ in font nullfont!
Missing character: There is no — in font nullfont!
Missing character: There is no Ç in font nullfont!
Missing character: There is no – in font nullfont!
Missing character: There is no ≤ in font nullfont!
Missing character: There is no – in font nullfont!
Missing character: There is no æ in font nullfont!
Missing character: There is no — in font nullfont!
Missing character: There is no Ä in font nullfont!
Missing character: There is no — in font nullfont!
Missing character: There is no è in font nullfont!
Missing character: There is no — in font nullfont!
Missing character: There is no é in font nullfont!
Missing character: There is no — in font nullfont!
Missing character: There is no â in font nullfont!
Missing character: There is no – in font nullfont!
Missing character: There is no ∞ in font nullfont!
Missing character: There is no — in font nullfont!
Missing character: There is no è in font nullfont!
Missing character: There is no — in font nullfont!
Missing character: There is no Å in font nullfont!
Missing character: There is no – in font nullfont!
Missing character: There is no ª in font nullfont!
Missing character: There is no – in font nullfont!
Missing character: There is no µ in font nullfont!
Missing character: There is no – in font nullfont!
Missing character: There is no ¥ in font nullfont!
Missing character: There is no — in font nullfont!
Missing character: There is no É in font nullfont!
Missing character: There is no — in font nullfont!
Missing character: There is no é in font nullfont!
Missing character: There is no — in font nullfont!
Missing character: There is no â in font nullfont!
Missing character: There is no – in font nullfont!
Missing character: There is no µ in font nullfont!
Missing character: There is no – in font nullfont!
Missing character: There is no º in font nullfont!
Missing character: There is no — in font nullfont!
Missing character: There is no É in font nullfont!
Missing character: There is no — in font nullfont!
Missing character: There is no Å in font nullfont!
Missing character: There is no – in font nullfont!
Missing character: There is no æ in font nullfont!
Missing character: There is no – in font nullfont!
Missing character: There is no æ in font nullfont!
Missing character: There is no — in font nullfont!
Missing character: There is no Ç in font nullfont!
Missing character: There is no – in font nullfont!
Missing character: There is no Ω in font nullfont!
Missing character: There is no – in font nullfont!
Missing character: There is no æ in font nullfont!
Missing character: There is no — in font nullfont!
Missing character: There is no à in font nullfont!
Missing character: There is no – in font nullfont!
Missing character: There is no µ in font nullfont!
Missing character: There is no – in font nullfont!
Missing character: There is no Ω in font nullfont!
Missing character: There is no – in font nullfont!
Missing character: There is no ∏ in font nullfont!
Missing character: There is no — in font nullfont!
Missing character: There is no é in font nullfont!
Missing character: There is no : in font nullfont!

! LaTeX Error: Environment gather undefined.

See the LaTeX manual or LaTeX Companion for explanation.
Type  H <return>  for immediate help.
 ...                                              
                                                  
l.14 \begin{gather}
                   
Your command was ignored.
Type  I <command> <return>  to replace it with another command,
or  <return>  to continue without it.

! Undefined control sequence.
\bbU ->\mathds 
               {U}
l.15 \bbU
          \bbV = \begin{bmatrix}
The control sequence at the end of the top line
of your error message was never \def'ed. If you have
misspelled it (e.g., `\hobx'), type `I' and the correct
spelling (e.g., `I\hbox'). Otherwise just continue,
and I'll forget about whatever was undefined.

Missing character: There is no U in font nullfont!
! Undefined control sequence.
\bbV ->\mathds 
               {V}
l.15 \bbU \bbV
               = \begin{bmatrix}
The control sequence at the end of the top line
of your error message was never \def'ed. If you have
misspelled it (e.g., `\hobx'), type `I' and the correct
spelling (e.g., `I\hbox'). Otherwise just continue,
and I'll forget about whatever was undefined.

Missing character: There is no V in font nullfont!
Missing character: There is no = in font nullfont!

! LaTeX Error: Environment bmatrix undefined.

See the LaTeX manual or LaTeX Companion for explanation.
Type  H <return>  for immediate help.
 ...                                              
                                                  
l.15 \bbU \bbV = \begin{bmatrix}
                                
Your command was ignored.
Type  I <command> <return>  to replace it with another command,
or  <return>  to continue without it.

! Undefined control sequence.
l.16 \bbE
         _{m \times m} & \bbO_{m \times n} \\
The control sequence at the end of the top line
of your error message was never \def'ed. If you have
misspelled it (e.g., `\hobx'), type `I' and the correct
spelling (e.g., `I\hbox'). Otherwise just continue,
and I'll forget about whatever was undefined.

! Missing $ inserted.
<inserted text> 
                $
l.16 \bbE_
          {m \times m} & \bbO_{m \times n} \\
I've inserted a begin-math/end-math symbol since I think
you left one out. Proceed, with fingers crossed.

! Misplaced alignment tab character &.
l.16 \bbE_{m \times m} &
                         \bbO_{m \times n} \\
I can't figure out why you would want to use a tab mark
here. If you just want an ampersand, the remedy is
simple: Just type `I\&' now. But if some right brace
up above has ended a previous alignment prematurely,
you're probably due for more error messages, and you
might try typing `S' now just to see what is salvageable.

! Undefined control sequence.
\bbO ->\mathds 
               {O}
l.16 \bbE_{m \times m} & \bbO
                             _{m \times n} \\
The control sequence at the end of the top line
of your error message was never \def'ed. If you have
misspelled it (e.g., `\hobx'), type `I' and the correct
spelling (e.g., `I\hbox'). Otherwise just continue,
and I'll forget about whatever was undefined.

! Undefined control sequence.
\bbO ->\mathds 
               {O}
l.17 \bbO
         _{n \times m} & \bbE_{n \times n}
The control sequence at the end of the top line
of your error message was never \def'ed. If you have
misspelled it (e.g., `\hobx'), type `I' and the correct
spelling (e.g., `I\hbox'). Otherwise just continue,
and I'll forget about whatever was undefined.

! Misplaced alignment tab character &.
l.17 \bbO_{n \times m} &
                         \bbE_{n \times n}
I can't figure out why you would want to use a tab mark
here. If you just want an ampersand, the remedy is
simple: Just type `I\&' now. But if some right brace
up above has ended a previous alignment prematurely,
you're probably due for more error messages, and you
might try typing `S' now just to see what is salvageable.

! Undefined control sequence.
l.17 \bbO_{n \times m} & \bbE
                             _{n \times n}
The control sequence at the end of the top line
of your error message was never \def'ed. If you have
misspelled it (e.g., `\hobx'), type `I' and the correct
spelling (e.g., `I\hbox'). Otherwise just continue,
and I'll forget about whatever was undefined.

! Double subscript.
l.17 \bbO_{n \times m} & \bbE_
                              {n \times n}
I treat `x_1_2' essentially like `x_1{}_2'.


! LaTeX Error: \begin{document} ended by \end{bmatrix}.

See the LaTeX manual or LaTeX Companion for explanation.
Type  H <return>  for immediate help.
 ...                                              
                                                  
l.18 \end{bmatrix}
                   \label{eq1}
Your command was ignored.
Type  I <command> <return>  to replace it with another command,
or  <return>  to continue without it.

! Missing $ inserted.
<inserted text> 
                $
l.18 \end{bmatrix}
                   \label{eq1}
I've inserted something that you may have forgotten.
(See the <inserted text> above.)
With luck, this will get me unwedged. But if you
really didn't forget anything, try typing `2' now; then
my insertion and my current dilemma will both disappear.


! LaTeX Error: \begin{document} ended by \end{gather}.

See the LaTeX manual or LaTeX Companion for explanation.
Type  H <return>  for immediate help.
 ...                                              
                                                  
l.19 \end{gather}
                 
Your command was ignored.
Type  I <command> <return>  to replace it with another command,
or  <return>  to continue without it.


Overfull \hbox (20.0pt too wide) in paragraph at lines 13--20
[]
 []


Overfull \hbox (18.61107pt too wide) in paragraph at lines 13--20
\OML/cmm/m/it/10 V \OT1/cmr/m/n/10 =
 []


Overfull \hbox (28.61118pt too wide) in paragraph at lines 13--20
\OML/cmm/m/it/10 V[]V[][] 
 []


Overfull \hbox (28.61118pt too wide) in paragraph at lines 13--20
\OML/cmm/m/it/10 V[]V[]$
 []


Overfull \hbox (47.35947pt too wide) in paragraph at lines 13--20
[]\OML/cmm/m/it/10 O[][] 
 []


Overfull \hbox (43.0539pt too wide) in paragraph at lines 13--20
\OML/cmm/m/it/10 O[][]$
 []


! LaTeX Error: Missing \begin{document}.

See the LaTeX manual or LaTeX Companion for explanation.
Type  H <return>  for immediate help.
 ...                                              
                                                  
l.21 –
      °–æ–æ—Ç–Ω–æ—à–µ–Ω–∏–µ  \eqref{eq1} —ç–∫–≤–∏–≤–∞–ª–µ–Ω—Ç–Ω–æ —Å–ª–µ–¥—É...

You're in trouble here.  Try typing  <return>  to proceed.
If that doesn't work, type  X <return>  to quit.

Missing character: There is no – in font nullfont!
Missing character: There is no ° in font nullfont!
Missing character: There is no – in font nullfont!
Missing character: There is no æ in font nullfont!
Missing character: There is no – in font nullfont!
Missing character: There is no æ in font nullfont!
Missing character: There is no — in font nullfont!
Missing character: There is no Ç in font nullfont!
Missing character: There is no – in font nullfont!
Missing character: There is no Ω in font nullfont!
Missing character: There is no – in font nullfont!
Missing character: There is no æ in font nullfont!
Missing character: There is no — in font nullfont!
Missing character: There is no à in font nullfont!
Missing character: There is no – in font nullfont!
Missing character: There is no µ in font nullfont!
Missing character: There is no – in font nullfont!
Missing character: There is no Ω in font nullfont!
Missing character: There is no – in font nullfont!
Missing character: There is no ∏ in font nullfont!
Missing character: There is no – in font nullfont!
Missing character: There is no µ in font nullfont!
! Undefined control sequence.
l.21 –°–æ–æ—Ç–Ω–æ—à–µ–Ω–∏–µ  \eqref
                                   {eq1} —ç–∫–≤–∏–≤–∞–ª–µ–Ω—Ç–Ω–æ —Å–ª–µ–¥—É...
The control sequence at the end of the top line
of your error message was never \def'ed. If you have
misspelled it (e.g., `\hobx'), type `I' and the correct
spelling (e.g., `I\hbox'). Otherwise just continue,
and I'll forget about whatever was undefined.

Missing character: There is no e in font nullfont!
Missing character: There is no q in font nullfont!
Missing character: There is no 1 in font nullfont!
Missing character: There is no — in font nullfont!
Missing character: There is no ç in font nullfont!
Missing character: There is no – in font nullfont!
Missing character: There is no ∫ in font nullfont!
Missing character: There is no – in font nullfont!
Missing character: There is no ≤ in font nullfont!
Missing character: There is no – in font nullfont!
Missing character: There is no ∏ in font nullfont!
Missing character: There is no – in font nullfont!
Missing character: There is no ≤ in font nullfont!
Missing character: There is no – in font nullfont!
Missing character: There is no ∞ in font nullfont!
Missing character: There is no – in font nullfont!
Missing character: There is no ª in font nullfont!
Missing character: There is no – in font nullfont!
Missing character: There is no µ in font nullfont!
Missing character: There is no – in font nullfont!
Missing character: There is no Ω in font nullfont!
Missing character: There is no — in font nullfont!
Missing character: There is no Ç in font nullfont!
Missing character: There is no – in font nullfont!
Missing character: There is no Ω in font nullfont!
Missing character: There is no – in font nullfont!
Missing character: There is no æ in font nullfont!
Missing character: There is no — in font nullfont!
Missing character: There is no Å in font nullfont!
Missing character: There is no – in font nullfont!
Missing character: There is no ª in font nullfont!
Missing character: There is no – in font nullfont!
Missing character: There is no µ in font nullfont!
Missing character: There is no – in font nullfont!
Missing character: There is no ¥ in font nullfont!
Missing character: There is no — in font nullfont!
Missing character: There is no É in font nullfont!
Missing character: There is no — in font nullfont!
Missing character: There is no é in font nullfont!
Missing character: There is no — in font nullfont!
Missing character: There is no â in font nullfont!
Missing character: There is no – in font nullfont!
Missing character: There is no µ in font nullfont!
Missing character: There is no – in font nullfont!
Missing character: There is no π in font nullfont!
Missing character: There is no — in font nullfont!
Missing character: There is no Å in font nullfont!
Missing character: There is no – in font nullfont!
Missing character: There is no ∏ in font nullfont!
Missing character: There is no — in font nullfont!
Missing character: There is no Å in font nullfont!
Missing character: There is no — in font nullfont!
Missing character: There is no Ç in font nullfont!
Missing character: There is no – in font nullfont!
Missing character: There is no µ in font nullfont!
Missing character: There is no – in font nullfont!
Missing character: There is no º in font nullfont!
Missing character: There is no – in font nullfont!
Missing character: There is no µ in font nullfont!
Missing character: There is no : in font nullfont!

Overfull \hbox (20.0pt too wide) in paragraph at lines 21--22
[]
 []


! LaTeX Error: Environment align* undefined.

See the LaTeX manual or LaTeX Companion for explanation.
Type  H <return>  for immediate help.
 ...                                              
                                                  
l.24 \begin{align*}
                   
Your command was ignored.
Type  I <command> <return>  to replace it with another command,
or  <return>  to continue without it.

! Undefined control sequence.
\bbU ->\mathds 
               {U}
l.25 \bbU
         _{11} \bbV_{11} + \bbU_{12} \bbV_{21} = \bbE_{m \times m} \numberth...
The control sequence at the end of the top line
of your error message was never \def'ed. If you have
misspelled it (e.g., `\hobx'), type `I' and the correct
spelling (e.g., `I\hbox'). Otherwise just continue,
and I'll forget about whatever was undefined.

! Undefined control sequence.
\bbV ->\mathds 
               {V}
l.25 \bbU_{11} \bbV
                   _{11} + \bbU_{12} \bbV_{21} = \bbE_{m \times m} \numberth...
The control sequence at the end of the top line
of your error message was never \def'ed. If you have
misspelled it (e.g., `\hobx'), type `I' and the correct
spelling (e.g., `I\hbox'). Otherwise just continue,
and I'll forget about whatever was undefined.

! Undefined control sequence.
\bbU ->\mathds 
               {U}
l.25 \bbU_{11} \bbV_{11} + \bbU
                               _{12} \bbV_{21} = \bbE_{m \times m} \numberth...
The control sequence at the end of the top line
of your error message was never \def'ed. If you have
misspelled it (e.g., `\hobx'), type `I' and the correct
spelling (e.g., `I\hbox'). Otherwise just continue,
and I'll forget about whatever was undefined.

! Undefined control sequence.
\bbV ->\mathds 
               {V}
l.25 \bbU_{11} \bbV_{11} + \bbU_{12} \bbV
                                         _{21} = \bbE_{m \times m} \numberth...
The control sequence at the end of the top line
of your error message was never \def'ed. If you have
misspelled it (e.g., `\hobx'), type `I' and the correct
spelling (e.g., `I\hbox'). Otherwise just continue,
and I'll forget about whatever was undefined.

! Undefined control sequence.
l.25 ...11} \bbV_{11} + \bbU_{12} \bbV_{21} = \bbE
                                                  _{m \times m} \numberthis \\
The control sequence at the end of the top line
of your error message was never \def'ed. If you have
misspelled it (e.g., `\hobx'), type `I' and the correct
spelling (e.g., `I\hbox'). Otherwise just continue,
and I'll forget about whatever was undefined.

! Undefined control sequence.
\numberthis ->\refstepcounter {equation}\tag 
                                             {\theequation }
l.25 ... \bbV_{21} = \bbE_{m \times m} \numberthis
                                                   \\
The control sequence at the end of the top line
of your error message was never \def'ed. If you have
misspelled it (e.g., `\hobx'), type `I' and the correct
spelling (e.g., `I\hbox'). Otherwise just continue,
and I'll forget about whatever was undefined.

! Undefined control sequence.
\bbU ->\mathds 
               {U}
l.26 \bbU
         _{11} \bbV_{12} + \bbU_{12} \bbV_{22} = \bbO_{m \times n} \\
The control sequence at the end of the top line
of your error message was never \def'ed. If you have
misspelled it (e.g., `\hobx'), type `I' and the correct
spelling (e.g., `I\hbox'). Otherwise just continue,
and I'll forget about whatever was undefined.

! Undefined control sequence.
\bbV ->\mathds 
               {V}
l.26 \bbU_{11} \bbV
                   _{12} + \bbU_{12} \bbV_{22} = \bbO_{m \times n} \\
The control sequence at the end of the top line
of your error message was never \def'ed. If you have
misspelled it (e.g., `\hobx'), type `I' and the correct
spelling (e.g., `I\hbox'). Otherwise just continue,
and I'll forget about whatever was undefined.

! Undefined control sequence.
\bbU ->\mathds 
               {U}
l.26 \bbU_{11} \bbV_{12} + \bbU
                               _{12} \bbV_{22} = \bbO_{m \times n} \\
The control sequence at the end of the top line
of your error message was never \def'ed. If you have
misspelled it (e.g., `\hobx'), type `I' and the correct
spelling (e.g., `I\hbox'). Otherwise just continue,
and I'll forget about whatever was undefined.

! Undefined control sequence.
\bbV ->\mathds 
               {V}
l.26 \bbU_{11} \bbV_{12} + \bbU_{12} \bbV
                                         _{22} = \bbO_{m \times n} \\
The control sequence at the end of the top line
of your error message was never \def'ed. If you have
misspelled it (e.g., `\hobx'), type `I' and the correct
spelling (e.g., `I\hbox'). Otherwise just continue,
and I'll forget about whatever was undefined.

! Undefined control sequence.
\bbO ->\mathds 
               {O}
l.26 ...11} \bbV_{12} + \bbU_{12} \bbV_{22} = \bbO
                                                  _{m \times n} \\
The control sequence at the end of the top line
of your error message was never \def'ed. If you have
misspelled it (e.g., `\hobx'), type `I' and the correct
spelling (e.g., `I\hbox'). Otherwise just continue,
and I'll forget about whatever was undefined.

! Undefined control sequence.
\bbU ->\mathds 
               {U}
l.27 \bbU
         _{21} \bbV_{11} + \bbU_{22} \bbV_{21} = \bbO_{n \times m} \\
The control sequence at the end of the top line
of your error message was never \def'ed. If you have
misspelled it (e.g., `\hobx'), type `I' and the correct
spelling (e.g., `I\hbox'). Otherwise just continue,
and I'll forget about whatever was undefined.

! Undefined control sequence.
\bbV ->\mathds 
               {V}
l.27 \bbU_{21} \bbV
                   _{11} + \bbU_{22} \bbV_{21} = \bbO_{n \times m} \\
The control sequence at the end of the top line
of your error message was never \def'ed. If you have
misspelled it (e.g., `\hobx'), type `I' and the correct
spelling (e.g., `I\hbox'). Otherwise just continue,
and I'll forget about whatever was undefined.

! Undefined control sequence.
\bbU ->\mathds 
               {U}
l.27 \bbU_{21} \bbV_{11} + \bbU
                               _{22} \bbV_{21} = \bbO_{n \times m} \\
The control sequence at the end of the top line
of your error message was never \def'ed. If you have
misspelled it (e.g., `\hobx'), type `I' and the correct
spelling (e.g., `I\hbox'). Otherwise just continue,
and I'll forget about whatever was undefined.

! Undefined control sequence.
\bbV ->\mathds 
               {V}
l.27 \bbU_{21} \bbV_{11} + \bbU_{22} \bbV
                                         _{21} = \bbO_{n \times m} \\
The control sequence at the end of the top line
of your error message was never \def'ed. If you have
misspelled it (e.g., `\hobx'), type `I' and the correct
spelling (e.g., `I\hbox'). Otherwise just continue,
and I'll forget about whatever was undefined.

! Undefined control sequence.
\bbO ->\mathds 
               {O}
l.27 ...21} \bbV_{11} + \bbU_{22} \bbV_{21} = \bbO
                                                  _{n \times m} \\
The control sequence at the end of the top line
of your error message was never \def'ed. If you have
misspelled it (e.g., `\hobx'), type `I' and the correct
spelling (e.g., `I\hbox'). Otherwise just continue,
and I'll forget about whatever was undefined.

! Undefined control sequence.
\bbU ->\mathds 
               {U}
l.28 \bbU
         _{21} \bbV_{12} + \bbU_{22} \bbV_{22} = \bbE_{n \times n}
The control sequence at the end of the top line
of your error message was never \def'ed. If you have
misspelled it (e.g., `\hobx'), type `I' and the correct
spelling (e.g., `I\hbox'). Otherwise just continue,
and I'll forget about whatever was undefined.

! Undefined control sequence.
\bbV ->\mathds 
               {V}
l.28 \bbU_{21} \bbV
                   _{12} + \bbU_{22} \bbV_{22} = \bbE_{n \times n}
The control sequence at the end of the top line
of your error message was never \def'ed. If you have
misspelled it (e.g., `\hobx'), type `I' and the correct
spelling (e.g., `I\hbox'). Otherwise just continue,
and I'll forget about whatever was undefined.

! Undefined control sequence.
\bbU ->\mathds 
               {U}
l.28 \bbU_{21} \bbV_{12} + \bbU
                               _{22} \bbV_{22} = \bbE_{n \times n}
The control sequence at the end of the top line
of your error message was never \def'ed. If you have
misspelled it (e.g., `\hobx'), type `I' and the correct
spelling (e.g., `I\hbox'). Otherwise just continue,
and I'll forget about whatever was undefined.

! Undefined control sequence.
\bbV ->\mathds 
               {V}
l.28 \bbU_{21} \bbV_{12} + \bbU_{22} \bbV
                                         _{22} = \bbE_{n \times n}
The control sequence at the end of the top line
of your error message was never \def'ed. If you have
misspelled it (e.g., `\hobx'), type `I' and the correct
spelling (e.g., `I\hbox'). Otherwise just continue,
and I'll forget about whatever was undefined.

! Undefined control sequence.
l.28 ...21} \bbV_{12} + \bbU_{22} \bbV_{22} = \bbE
                                                  _{n \times n}
The control sequence at the end of the top line
of your error message was never \def'ed. If you have
misspelled it (e.g., `\hobx'), type `I' and the correct
spelling (e.g., `I\hbox'). Otherwise just continue,
and I'll forget about whatever was undefined.


! LaTeX Error: \begin{document} ended by \end{align*}.

See the LaTeX manual or LaTeX Companion for explanation.
Type  H <return>  for immediate help.
 ...                                              
                                                  
l.29 \end{align*}
                 
Your command was ignored.
Type  I <command> <return>  to replace it with another command,
or  <return>  to continue without it.


Overfull \hbox (436.89586pt too wide) detected at line 30
\OML/cmm/m/it/10 someU[]V[] \OT1/cmr/m/n/10 + \OML/cmm/m/it/10 U[]V[] \OT1/cmr/
m/n/10 =[] 1[] \OML/cmm/m/it/10 U[]V[] \OT1/cmr/m/n/10 + \OML/cmm/m/it/10 U[]V[
] \OT1/cmr/m/n/10 = \OML/cmm/m/it/10 O[][] U[]V[] \OT1/cmr/m/n/10 + \OML/cmm/m/
it/10 U[]V[] \OT1/cmr/m/n/10 = \OML/cmm/m/it/10 O[][] U[]V[] \OT1/cmr/m/n/10 + 
\OML/cmm/m/it/10 U[]V[] \OT1/cmr/m/n/10 =[]
 []

)
! Emergency stop.
<*> appendix2.tex
                 
*** (job aborted, no legal \end found)

 
Here is how much of TeX's memory you used:
 19 strings out of 493029
 245 string characters out of 6136234
 54059 words of memory out of 5000000
 3655 multiletter control sequences out of 15000+600000
 3640 words of font info for 14 fonts, out of 8000000 for 9000
 1141 hyphenation exceptions out of 8191
 18i,4n,12p,229b,54s stack positions out of 5000i,500n,10000p,200000b,80000s
!  ==> Fatal error occurred, no output PDF file produced!
