mktextfm rm-lmr10
mktextfm rm-lmr7
mktextfm rm-lmr5
mktextfm lmmi10
mktextfm lmmi7
mktextfm lmmi5
mktextfm lmsy10
mktextfm lmsy7
mktextfm lmsy5
mktextfm lmex10
mktextfm lmex10
mktextfm lmex10
mktextfm rm-lmr17
mktextfm rm-lmr17
mktextfm rm-lmr17
mktextfm lmmi12
mktextfm lmmi12
mktextfm lmmi12
mktextfm lmsy10
mktextfm lmsy10
mktextfm lmsy10
mktextfm lmex10
mktextfm lmex10
mktextfm lmex10
mktextfm rm-lmbx12
mktextfm rm-lmbx12
mktextfm rm-lmbx10
mktextfm lmmib10
mktextfm lmmib10
mktextfm lmmib10
mktextfm lmbsy10
mktextfm lmbsy10
mktextfm lmbsy10
mktextfm lmex10
mktextfm lmex10
mktextfm rm-lmbx12
mktextfm rm-lmbx12
mktextfm rm-lmbx12
mktextfm lmmib10
mktextfm lmmib10
mktextfm lmmib10
mktextfm lmbsy10
mktextfm lmbsy10
mktextfm lmbsy10
mktextfm rm-lmr17
mktextfm rm-lmr12
mktextfm lmmi12
mktextfm lmmi12
mktextfm lmsy10
mktextfm lmsy10
mktextfm rm-lmr12
mktextfm lmmi12
mktextfm lmsy10
mktextfm lmex10
mktextfm rm-lmr17
mktextfm rm-lmr12
mktextfm lmmi12
mktextfm lmmi12
mktextfm lmsy10
mktextfm lmsy10
mktextfm lmex10
mktextfm lmex10
mktextfm rm-lmbx12
mktextfm rm-lmbx12
mktextfm rm-lmbx12
mktextfm rm-lmbx7
mktextfm rm-lmr10
mktextfm rm-lmr7
mktextfm rm-lmr5
mktextfm lmmi10
mktextfm lmmi7
mktextfm lmmi5
mktextfm lmsy10
mktextfm lmsy7
mktextfm lmsy5
mktextfm lmex10
mktextfm lmex10
mktextfm lmex10
mktextfm rm-lmr17
mktextfm rm-lmr17
mktextfm rm-lmr17
mktextfm lmmi12
mktextfm lmmi12
mktextfm lmmi12
mktextfm lmsy10
mktextfm lmsy10
mktextfm lmsy10
mktextfm lmex10
mktextfm lmex10
mktextfm lmex10
mktextfm rm-lmbx12
mktextfm rm-lmbx12
mktextfm rm-lmbx10
mktextfm lmmib10
mktextfm lmmib10
mktextfm lmmib10
mktextfm lmbsy10
mktextfm lmbsy10
mktextfm lmbsy10
mktextfm lmex10
mktextfm lmex10
mktextfm rm-lmbx12
mktextfm rm-lmbx12
mktextfm rm-lmbx12
mktextfm lmmib10
mktextfm lmmib10
mktextfm lmmib10
mktextfm lmbsy10
mktextfm lmbsy10
mktextfm lmbsy10
mktextfm rm-lmr17
mktextfm rm-lmr12
mktextfm lmmi12
mktextfm lmmi12
mktextfm lmsy10
mktextfm lmsy10
mktextfm rm-lmr12
mktextfm lmmi12
mktextfm lmsy10
mktextfm lmex10
mktextfm rm-lmr17
mktextfm rm-lmr12
mktextfm lmmi12
mktextfm lmmi12
mktextfm lmsy10
mktextfm lmsy10
mktextfm lmex10
mktextfm lmex10
mktextfm rm-lmbx12
mktextfm rm-lmbx12
mktextfm rm-lmbx12
mktextfm rm-lmbx7
